#
# There is insufficient memory for the Java Runtime Environment to continue.
# Native memory allocation (malloc) failed to allocate 65136 bytes for Chunk::new
# Possible reasons:
#   The system is out of physical RAM or swap space
#   The process is running with CompressedOops enabled, and the Java Heap may be blocking the growth of the native heap
# Possible solutions:
#   Reduce memory load on the system
#   Increase physical memory or swap space
#   Check if swap backing store is full
#   Decrease Java heap size (-Xmx/-Xms)
#   Decrease number of Java threads
#   Decrease Java thread stack sizes (-Xss)
#   Set larger code cache with -XX:ReservedCodeCacheSize=
#   JVM is running with Unscaled Compressed Oops mode in which the Java heap is
#     placed in the first 4GB address space. The Java Heap base address is the
#     maximum limit for the native heap growth. Please use -XX:HeapBaseMinAddress
#     to set the Java Heap base and to place the Java Heap above 4GB virtual address.
# This output file may be truncated or incomplete.
#
#  Out of Memory Error (./open/src/hotspot/share/memory/arena.cpp:197), pid=4008, tid=17620
#
# JRE version: Java(TM) SE Runtime Environment 18.9 (11.0.11+9) (build 11.0.11+9-LTS-194)
# Java VM: Java HotSpot(TM) 64-Bit Server VM 18.9 (11.0.11+9-LTS-194, mixed mode, tiered, compressed oops, g1 gc, windows-amd64)
# No core dump will be written. Minidumps are not enabled by default on client versions of Windows
#

---------------  S U M M A R Y ------------

Command Line: -Dfile.encoding=UTF-8 --module-path=C:\Users\Ankush\Documents\NetBeansProjects\LIbrary Managementsystem\build\classes library.managementsystem.StudentDetails

Host: Intel(R) Core(TM) i3-4005U CPU @ 1.70GHz, 4 cores, 3G,  Windows 10 , 64 bit Build 19041 (10.0.19041.1023)
Time: Tue Jul  6 20:46:52 2021 India Standard Time elapsed time: 1.458694 seconds (0d 0h 0m 1s)

---------------  T H R E A D  ---------------

Current thread (0x000001d7f4bf5000):  JavaThread "C2 CompilerThread0" daemon [_thread_in_native, id=17620, stack(0x00000043aec00000,0x00000043aed00000)]


Current CompileTask:
C2:   1458  749       4       java.lang.StringUTF16::compress (50 bytes)

Stack: [0x00000043aec00000,0x00000043aed00000]
Native frames: (J=compiled Java code, j=interpreted, Vv=VM code, C=native code)
V  [jvm.dll+0x616f2a]
V  [jvm.dll+0x74de7f]
V  [jvm.dll+0x74f505]
V  [jvm.dll+0x74fb83]
V  [jvm.dll+0x2436d8]
V  [jvm.dll+0xba68c]
V  [jvm.dll+0xbad8c]
V  [jvm.dll+0x3462b7]
V  [jvm.dll+0x3140c3]
V  [jvm.dll+0x31340a]
V  [jvm.dll+0x1fd045]
V  [jvm.dll+0x1fc22f]
V  [jvm.dll+0x17f0bc]
V  [jvm.dll+0x20b68c]
V  [jvm.dll+0x20978b]
V  [jvm.dll+0x7152c9]
V  [jvm.dll+0x70dfc4]
V  [jvm.dll+0x6160f6]
C  [ucrtbase.dll+0x21bb2]
C  [KERNEL32.DLL+0x17034]
C  [ntdll.dll+0x52651]


---------------  P R O C E S S  ---------------

Threads class SMR info:
_java_thread_list=0x000001d7f52b4510, length=15, elements={
0x000001d7d65c4000, 0x000001d7f4b9b800, 0x000001d7f4ba5000, 0x000001d7f4bf2800,
0x000001d7f4bf3800, 0x000001d7f4bf5000, 0x000001d7f4bfb000, 0x000001d7f4c01800,
0x000001d7f4e83800, 0x000001d7f4f64000, 0x000001d7f5254000, 0x000001d7f5230800,
0x000001d7f5298000, 0x000001d7f527b800, 0x000001d7f53da800
}

Java Threads: ( => current thread )
  0x000001d7d65c4000 JavaThread "main" [_thread_blocked, id=17936, stack(0x00000043ae100000,0x00000043ae200000)]
  0x000001d7f4b9b800 JavaThread "Reference Handler" daemon [_thread_blocked, id=10204, stack(0x00000043ae800000,0x00000043ae900000)]
  0x000001d7f4ba5000 JavaThread "Finalizer" daemon [_thread_blocked, id=1200, stack(0x00000043ae900000,0x00000043aea00000)]
  0x000001d7f4bf2800 JavaThread "Signal Dispatcher" daemon [_thread_blocked, id=13796, stack(0x00000043aea00000,0x00000043aeb00000)]
  0x000001d7f4bf3800 JavaThread "Attach Listener" daemon [_thread_blocked, id=13016, stack(0x00000043aeb00000,0x00000043aec00000)]
=>0x000001d7f4bf5000 JavaThread "C2 CompilerThread0" daemon [_thread_in_native, id=17620, stack(0x00000043aec00000,0x00000043aed00000)]
  0x000001d7f4bfb000 JavaThread "C1 CompilerThread0" daemon [_thread_blocked, id=16468, stack(0x00000043aed00000,0x00000043aee00000)]
  0x000001d7f4c01800 JavaThread "Sweeper thread" daemon [_thread_blocked, id=15584, stack(0x00000043aee00000,0x00000043aef00000)]
  0x000001d7f4e83800 JavaThread "Common-Cleaner" daemon [_thread_blocked, id=10224, stack(0x00000043aef00000,0x00000043af000000)]
  0x000001d7f4f64000 JavaThread "Service Thread" daemon [_thread_blocked, id=17248, stack(0x00000043af000000,0x00000043af100000)]
  0x000001d7f5254000 JavaThread "Java2D Disposer" daemon [_thread_blocked, id=10236, stack(0x00000043af200000,0x00000043af300000)]
  0x000001d7f5230800 JavaThread "AWT-Shutdown" [_thread_blocked, id=16984, stack(0x00000043af300000,0x00000043af400000)]
  0x000001d7f5298000 JavaThread "AWT-Windows" daemon [_thread_in_native, id=16976, stack(0x00000043af400000,0x00000043af500000)]
  0x000001d7f527b800 JavaThread "AWT-EventQueue-0" [_thread_blocked, id=15292, stack(0x00000043af500000,0x00000043af600000)]
  0x000001d7f53da800 JavaThread "Image Fetcher 0" daemon [_thread_in_vm, id=17064, stack(0x00000043af600000,0x00000043af700000)]

Other Threads:
  0x000001d7f4b75800 VMThread "VM Thread" [stack: 0x00000043ae700000,0x00000043ae800000] [id=7340]
  0x000001d7f4fbb000 WatcherThread [stack: 0x00000043af100000,0x00000043af200000] [id=1388]
  0x000001d7d65db000 GCTaskThread "GC Thread#0" [stack: 0x00000043ae200000,0x00000043ae300000] [id=7356]
  0x000001d7d65f5000 ConcurrentGCThread "G1 Main Marker" [stack: 0x00000043ae300000,0x00000043ae400000] [id=8556]
  0x000001d7d65f6800 ConcurrentGCThread "G1 Conc#0" [stack: 0x00000043ae400000,0x00000043ae500000] [id=12184]
  0x000001d7d664e800 ConcurrentGCThread "G1 Refine#0" [stack: 0x00000043ae500000,0x00000043ae600000] [id=17544]
  0x000001d7d664f800 ConcurrentGCThread "G1 Young RemSet Sampling" [stack: 0x00000043ae600000,0x00000043ae700000] [id=6348]

Threads with active compile tasks:
C2 CompilerThread0   2487  749       4       java.lang.StringUTF16::compress (50 bytes)

VM state:synchronizing (normal execution)

VM Mutex/Monitor currently owned by a thread:  ([mutex/lock_event])
[0x000001d7d65c04b0] Threads_lock - owner thread: 0x000001d7f4b75800

Heap address: 0x00000000c1400000, size: 1004 MB, Compressed Oops mode: 32-bit
Narrow klass base: 0x0000000000000000, Narrow klass shift: 3
Compressed class space size: 1073741824 Address: 0x0000000100000000

Heap:
 garbage-first heap   total 65536K, used 7168K [0x00000000c1400000, 0x0000000100000000)
  region size 1024K, 8 young (8192K), 0 survivors (0K)
 Metaspace       used 13090K, capacity 13452K, committed 13696K, reserved 1064960K
  class space    used 1393K, capacity 1581K, committed 1664K, reserved 1048576K
Heap Regions: E=young(eden), S=young(survivor), O=old, HS=humongous(starts), HC=humongous(continues), CS=collection set, F=free, A=archive, TAMS=top-at-mark-start (previous, next)
|   0|0x00000000c1400000, 0x00000000c1400000, 0x00000000c1500000|  0%| F|  |TAMS 0x00000000c1400000, 0x00000000c1400000| Untracked 
|   1|0x00000000c1500000, 0x00000000c1500000, 0x00000000c1600000|  0%| F|  |TAMS 0x00000000c1500000, 0x00000000c1500000| Untracked 
|   2|0x00000000c1600000, 0x00000000c1600000, 0x00000000c1700000|  0%| F|  |TAMS 0x00000000c1600000, 0x00000000c1600000| Untracked 
|   3|0x00000000c1700000, 0x00000000c1700000, 0x00000000c1800000|  0%| F|  |TAMS 0x00000000c1700000, 0x00000000c1700000| Untracked 
|   4|0x00000000c1800000, 0x00000000c1800000, 0x00000000c1900000|  0%| F|  |TAMS 0x00000000c1800000, 0x00000000c1800000| Untracked 
|   5|0x00000000c1900000, 0x00000000c1900000, 0x00000000c1a00000|  0%| F|  |TAMS 0x00000000c1900000, 0x00000000c1900000| Untracked 
|   6|0x00000000c1a00000, 0x00000000c1a00000, 0x00000000c1b00000|  0%| F|  |TAMS 0x00000000c1a00000, 0x00000000c1a00000| Untracked 
|   7|0x00000000c1b00000, 0x00000000c1b00000, 0x00000000c1c00000|  0%| F|  |TAMS 0x00000000c1b00000, 0x00000000c1b00000| Untracked 
|   8|0x00000000c1c00000, 0x00000000c1c00000, 0x00000000c1d00000|  0%| F|  |TAMS 0x00000000c1c00000, 0x00000000c1c00000| Untracked 
|   9|0x00000000c1d00000, 0x00000000c1d00000, 0x00000000c1e00000|  0%| F|  |TAMS 0x00000000c1d00000, 0x00000000c1d00000| Untracked 
|  10|0x00000000c1e00000, 0x00000000c1e00000, 0x00000000c1f00000|  0%| F|  |TAMS 0x00000000c1e00000, 0x00000000c1e00000| Untracked 
|  11|0x00000000c1f00000, 0x00000000c1f00000, 0x00000000c2000000|  0%| F|  |TAMS 0x00000000c1f00000, 0x00000000c1f00000| Untracked 
|  12|0x00000000c2000000, 0x00000000c2000000, 0x00000000c2100000|  0%| F|  |TAMS 0x00000000c2000000, 0x00000000c2000000| Untracked 
|  13|0x00000000c2100000, 0x00000000c2100000, 0x00000000c2200000|  0%| F|  |TAMS 0x00000000c2100000, 0x00000000c2100000| Untracked 
|  14|0x00000000c2200000, 0x00000000c2200000, 0x00000000c2300000|  0%| F|  |TAMS 0x00000000c2200000, 0x00000000c2200000| Untracked 
|  15|0x00000000c2300000, 0x00000000c2300000, 0x00000000c2400000|  0%| F|  |TAMS 0x00000000c2300000, 0x00000000c2300000| Untracked 
|  16|0x00000000c2400000, 0x00000000c2400000, 0x00000000c2500000|  0%| F|  |TAMS 0x00000000c2400000, 0x00000000c2400000| Untracked 
|  17|0x00000000c2500000, 0x00000000c2500000, 0x00000000c2600000|  0%| F|  |TAMS 0x00000000c2500000, 0x00000000c2500000| Untracked 
|  18|0x00000000c2600000, 0x00000000c2600000, 0x00000000c2700000|  0%| F|  |TAMS 0x00000000c2600000, 0x00000000c2600000| Untracked 
|  19|0x00000000c2700000, 0x00000000c2700000, 0x00000000c2800000|  0%| F|  |TAMS 0x00000000c2700000, 0x00000000c2700000| Untracked 
|  20|0x00000000c2800000, 0x00000000c2800000, 0x00000000c2900000|  0%| F|  |TAMS 0x00000000c2800000, 0x00000000c2800000| Untracked 
|  21|0x00000000c2900000, 0x00000000c2900000, 0x00000000c2a00000|  0%| F|  |TAMS 0x00000000c2900000, 0x00000000c2900000| Untracked 
|  22|0x00000000c2a00000, 0x00000000c2a00000, 0x00000000c2b00000|  0%| F|  |TAMS 0x00000000c2a00000, 0x00000000c2a00000| Untracked 
|  23|0x00000000c2b00000, 0x00000000c2b00000, 0x00000000c2c00000|  0%| F|  |TAMS 0x00000000c2b00000, 0x00000000c2b00000| Untracked 
|  24|0x00000000c2c00000, 0x00000000c2c00000, 0x00000000c2d00000|  0%| F|  |TAMS 0x00000000c2c00000, 0x00000000c2c00000| Untracked 
|  25|0x00000000c2d00000, 0x00000000c2d00000, 0x00000000c2e00000|  0%| F|  |TAMS 0x00000000c2d00000, 0x00000000c2d00000| Untracked 
|  26|0x00000000c2e00000, 0x00000000c2e00000, 0x00000000c2f00000|  0%| F|  |TAMS 0x00000000c2e00000, 0x00000000c2e00000| Untracked 
|  27|0x00000000c2f00000, 0x00000000c2f00000, 0x00000000c3000000|  0%| F|  |TAMS 0x00000000c2f00000, 0x00000000c2f00000| Untracked 
|  28|0x00000000c3000000, 0x00000000c3000000, 0x00000000c3100000|  0%| F|  |TAMS 0x00000000c3000000, 0x00000000c3000000| Untracked 
|  29|0x00000000c3100000, 0x00000000c3100000, 0x00000000c3200000|  0%| F|  |TAMS 0x00000000c3100000, 0x00000000c3100000| Untracked 
|  30|0x00000000c3200000, 0x00000000c3200000, 0x00000000c3300000|  0%| F|  |TAMS 0x00000000c3200000, 0x00000000c3200000| Untracked 
|  31|0x00000000c3300000, 0x00000000c3300000, 0x00000000c3400000|  0%| F|  |TAMS 0x00000000c3300000, 0x00000000c3300000| Untracked 
|  32|0x00000000c3400000, 0x00000000c3400000, 0x00000000c3500000|  0%| F|  |TAMS 0x00000000c3400000, 0x00000000c3400000| Untracked 
|  33|0x00000000c3500000, 0x00000000c3500000, 0x00000000c3600000|  0%| F|  |TAMS 0x00000000c3500000, 0x00000000c3500000| Untracked 
|  34|0x00000000c3600000, 0x00000000c3600000, 0x00000000c3700000|  0%| F|  |TAMS 0x00000000c3600000, 0x00000000c3600000| Untracked 
|  35|0x00000000c3700000, 0x00000000c3700000, 0x00000000c3800000|  0%| F|  |TAMS 0x00000000c3700000, 0x00000000c3700000| Untracked 
|  36|0x00000000c3800000, 0x00000000c3800000, 0x00000000c3900000|  0%| F|  |TAMS 0x00000000c3800000, 0x00000000c3800000| Untracked 
|  37|0x00000000c3900000, 0x00000000c3900000, 0x00000000c3a00000|  0%| F|  |TAMS 0x00000000c3900000, 0x00000000c3900000| Untracked 
|  38|0x00000000c3a00000, 0x00000000c3a00000, 0x00000000c3b00000|  0%| F|  |TAMS 0x00000000c3a00000, 0x00000000c3a00000| Untracked 
|  39|0x00000000c3b00000, 0x00000000c3b00000, 0x00000000c3c00000|  0%| F|  |TAMS 0x00000000c3b00000, 0x00000000c3b00000| Untracked 
|  40|0x00000000c3c00000, 0x00000000c3c00000, 0x00000000c3d00000|  0%| F|  |TAMS 0x00000000c3c00000, 0x00000000c3c00000| Untracked 
|  41|0x00000000c3d00000, 0x00000000c3d00000, 0x00000000c3e00000|  0%| F|  |TAMS 0x00000000c3d00000, 0x00000000c3d00000| Untracked 
|  42|0x00000000c3e00000, 0x00000000c3e00000, 0x00000000c3f00000|  0%| F|  |TAMS 0x00000000c3e00000, 0x00000000c3e00000| Untracked 
|  43|0x00000000c3f00000, 0x00000000c3f00000, 0x00000000c4000000|  0%| F|  |TAMS 0x00000000c3f00000, 0x00000000c3f00000| Untracked 
|  44|0x00000000c4000000, 0x00000000c4000000, 0x00000000c4100000|  0%| F|  |TAMS 0x00000000c4000000, 0x00000000c4000000| Untracked 
|  45|0x00000000c4100000, 0x00000000c4100000, 0x00000000c4200000|  0%| F|  |TAMS 0x00000000c4100000, 0x00000000c4100000| Untracked 
|  46|0x00000000c4200000, 0x00000000c4200000, 0x00000000c4300000|  0%| F|  |TAMS 0x00000000c4200000, 0x00000000c4200000| Untracked 
|  47|0x00000000c4300000, 0x00000000c4300000, 0x00000000c4400000|  0%| F|  |TAMS 0x00000000c4300000, 0x00000000c4300000| Untracked 
|  48|0x00000000c4400000, 0x00000000c4400000, 0x00000000c4500000|  0%| F|  |TAMS 0x00000000c4400000, 0x00000000c4400000| Untracked 
|  49|0x00000000c4500000, 0x00000000c4500000, 0x00000000c4600000|  0%| F|  |TAMS 0x00000000c4500000, 0x00000000c4500000| Untracked 
|  50|0x00000000c4600000, 0x00000000c4600000, 0x00000000c4700000|  0%| F|  |TAMS 0x00000000c4600000, 0x00000000c4600000| Untracked 
|  51|0x00000000c4700000, 0x00000000c4700000, 0x00000000c4800000|  0%| F|  |TAMS 0x00000000c4700000, 0x00000000c4700000| Untracked 
|  52|0x00000000c4800000, 0x00000000c4800000, 0x00000000c4900000|  0%| F|  |TAMS 0x00000000c4800000, 0x00000000c4800000| Untracked 
|  53|0x00000000c4900000, 0x00000000c4900000, 0x00000000c4a00000|  0%| F|  |TAMS 0x00000000c4900000, 0x00000000c4900000| Untracked 
|  54|0x00000000c4a00000, 0x00000000c4a00000, 0x00000000c4b00000|  0%| F|  |TAMS 0x00000000c4a00000, 0x00000000c4a00000| Untracked 
|  55|0x00000000c4b00000, 0x00000000c4b00000, 0x00000000c4c00000|  0%| F|  |TAMS 0x00000000c4b00000, 0x00000000c4b00000| Untracked 
|  56|0x00000000c4c00000, 0x00000000c4d00000, 0x00000000c4d00000|100%| E|  |TAMS 0x00000000c4c00000, 0x00000000c4c00000| Complete 
|  57|0x00000000c4d00000, 0x00000000c4e00000, 0x00000000c4e00000|100%| E|CS|TAMS 0x00000000c4d00000, 0x00000000c4d00000| Complete 
|  58|0x00000000c4e00000, 0x00000000c4f00000, 0x00000000c4f00000|100%| E|CS|TAMS 0x00000000c4e00000, 0x00000000c4e00000| Complete 
|  59|0x00000000c4f00000, 0x00000000c5000000, 0x00000000c5000000|100%| E|CS|TAMS 0x00000000c4f00000, 0x00000000c4f00000| Complete 
|  60|0x00000000c5000000, 0x00000000c5100000, 0x00000000c5100000|100%| E|CS|TAMS 0x00000000c5000000, 0x00000000c5000000| Complete 
|  61|0x00000000c5100000, 0x00000000c5200000, 0x00000000c5200000|100%| E|CS|TAMS 0x00000000c5100000, 0x00000000c5100000| Complete 
|  62|0x00000000c5200000, 0x00000000c5300000, 0x00000000c5300000|100%| E|CS|TAMS 0x00000000c5200000, 0x00000000c5200000| Complete 
|  63|0x00000000c5300000, 0x00000000c5400000, 0x00000000c5400000|100%| E|CS|TAMS 0x00000000c5300000, 0x00000000c5300000| Complete 

Card table byte_map: [0x000001d7efa70000,0x000001d7efc70000] _byte_map_base: 0x000001d7ef466000

Marking Bits (Prev, Next): (CMBitMap*) 0x000001d7d65f05f8, (CMBitMap*) 0x000001d7d65f0630
 Prev Bits: [0x000001d7efe70000, 0x000001d7f0e20000)
 Next Bits: [0x000001d7f0e20000, 0x000001d7f1dd0000)

Polling page: 0x000001d7d6470000

Metaspace:

Usage:
  Non-class:     11.59 MB capacity,    11.42 MB ( 99%) used,   138.11 KB (  1%) free+waste,    35.44 KB ( <1%) overhead. 
      Class:      1.54 MB capacity,     1.36 MB ( 88%) used,   167.29 KB ( 11%) free+waste,    20.25 KB (  1%) overhead. 
       Both:     13.14 MB capacity,    12.78 MB ( 97%) used,   305.40 KB (  2%) free+waste,    55.69 KB ( <1%) overhead. 

Virtual space:
  Non-class space:       16.00 MB reserved,      11.75 MB ( 73%) committed 
      Class space:        1.00 GB reserved,       1.63 MB ( <1%) committed 
             Both:        1.02 GB reserved,      13.38 MB (  1%) committed 

Chunk freelists:
   Non-Class:  4.13 KB
       Class:  2.38 KB
        Both:  6.50 KB

CodeHeap 'non-profiled nmethods': size=120064Kb used=225Kb max_used=225Kb free=119839Kb
 bounds [0x000001d7e7d00000, 0x000001d7e7f70000, 0x000001d7ef240000]
CodeHeap 'profiled nmethods': size=120000Kb used=1232Kb max_used=1232Kb free=118767Kb
 bounds [0x000001d7e07d0000, 0x000001d7e0a40000, 0x000001d7e7d00000]
CodeHeap 'non-nmethods': size=5696Kb used=1137Kb max_used=1158Kb free=4558Kb
 bounds [0x000001d7e0240000, 0x000001d7e04b0000, 0x000001d7e07d0000]
 total_blobs=1223 nmethods=753 adapters=382
 compilation: enabled
              stopped_count=0, restarted_count=0
 full_count=0

Compilation events (10 events):
Event: 1.294 Thread 0x000001d7f4bfb000  739       3       java.lang.String::<init> (14 bytes)
Event: 1.294 Thread 0x000001d7f4bfb000 nmethod 739 0x000001d7e0902410 code [0x000001d7e09025e0, 0x000001d7e09027d8]
Event: 1.294 Thread 0x000001d7f4bfb000  741       3       java.lang.String::rangeCheck (9 bytes)
Event: 1.294 Thread 0x000001d7f4bfb000 nmethod 741 0x000001d7e0902910 code [0x000001d7e0902ac0, 0x000001d7e0902be8]
Event: 1.294 Thread 0x000001d7f4bfb000  747       3       java.io.DataInputStream::readUTF (5 bytes)
Event: 1.294 Thread 0x000001d7f4bfb000 nmethod 747 0x000001d7e0902c90 code [0x000001d7e0902e40, 0x000001d7e0902f68]
Event: 1.294 Thread 0x000001d7f4bfb000  748       3       java.io.DataInputStream::readUnsignedShort (39 bytes)
Event: 1.295 Thread 0x000001d7f4bfb000 nmethod 748 0x000001d7e0903010 code [0x000001d7e09031e0, 0x000001d7e0903528]
Event: 1.296 Thread 0x000001d7f4bfb000  753       3       sun.util.locale.LocaleUtils::isUpper (18 bytes)
Event: 1.296 Thread 0x000001d7f4bfb000 nmethod 753 0x000001d7e0903690 code [0x000001d7e0903820, 0x000001d7e0903998]

GC Heap History (0 events):
No events

Deoptimization events (6 events):
Event: 0.322 Thread 0x000001d7d65c4000 Uncommon trap: reason=unstable_if action=reinterpret pc=0x000001d7e7d05210 method=java.lang.String.isLatin1()Z @ 10 c2
Event: 0.361 Thread 0x000001d7d65c4000 Uncommon trap: reason=unstable_if action=reinterpret pc=0x000001d7e7d0f858 method=java.util.HashMap.putVal(ILjava/lang/Object;Ljava/lang/Object;ZZ)Ljava/lang/Object; @ 81 c2
Event: 0.507 Thread 0x000001d7d65c4000 Uncommon trap: reason=bimorphic_or_optimized_type_check action=maybe_recompile pc=0x000001d7e7d0c114 method=java.util.AbstractCollection.isEmpty()Z @ 1 c2
Event: 0.507 Thread 0x000001d7d65c4000 Uncommon trap: reason=bimorphic_or_optimized_type_check action=maybe_recompile pc=0x000001d7e7d0c114 method=java.util.AbstractCollection.isEmpty()Z @ 1 c2
Event: 0.510 Thread 0x000001d7d65c4000 Uncommon trap: reason=bimorphic_or_optimized_type_check action=maybe_recompile pc=0x000001d7e7d0c114 method=java.util.AbstractCollection.isEmpty()Z @ 1 c2
Event: 0.510 Thread 0x000001d7d65c4000 Uncommon trap: reason=bimorphic_or_optimized_type_check action=maybe_recompile pc=0x000001d7e7d0c114 method=java.util.AbstractCollection.isEmpty()Z @ 1 c2

Classes redefined (0 events):
No events

Internal exceptions (10 events):
Event: 0.614 Thread 0x000001d7d65c4000 Exception <a 'java/io/FileNotFoundException'{0x00000000c50b84b0}> (0x00000000c50b84b0) thrown at [./open/src/hotspot/share/prims/jni.cpp, line 611]
Event: 0.772 Thread 0x000001d7f5298000 Exception <a 'java/lang/NoSuchMethodError'{0x00000000c4f4d330}: java.lang.invoke.DirectMethodHandle$Holder.invokeSpecial(Ljava/lang/Object;Ljava/lang/Object;)V> (0x00000000c4f4d330) thrown at [./open/src/hotspot/share/interpreter/linkResolver.cpp, line 77
Event: 0.782 Thread 0x000001d7d65c4000 Exception <a 'java/lang/NoSuchMethodError'{0x00000000c4fa9098}: java.lang.invoke.DirectMethodHandle$Holder.invokeStatic(Ljava/lang/Object;Ljava/lang/Object;Ljava/lang/Object;Ljava/lang/Object;Ljava/lang/Object;Ljava/lang/Object;Ljava/lang/Object;Ljava/lan
Event: 0.787 Thread 0x000001d7d65c4000 Exception <a 'java/lang/NoSuchMethodError'{0x00000000c4fc2ff0}: java.lang.invoke.DirectMethodHandle$Holder.invokeStatic(Ljava/lang/Object;Ljava/lang/Object;Ljava/lang/Object;Ljava/lang/Object;Ljava/lang/Object;Ljava/lang/Object;Ljava/lang/Object;Ljava/lan
Event: 0.895 Thread 0x000001d7d65c4000 Exception <a 'java/lang/NoSuchMethodError'{0x00000000c4ed9ec8}: java.lang.invoke.DirectMethodHandle$Holder.invokeStatic(Ljava/lang/Object;ILjava/lang/Object;Ljava/lang/Object;Ljava/lang/Object;Ljava/lang/Object;)Ljava/lang/Object;> (0x00000000c4ed9ec8) th
Event: 0.896 Thread 0x000001d7d65c4000 Exception <a 'java/lang/NoSuchMethodError'{0x00000000c4ee0f88}: java.lang.invoke.DirectMethodHandle$Holder.invokeStatic(Ljava/lang/Object;ILjava/lang/Object;Ljava/lang/Object;Ljava/lang/Object;)Ljava/lang/Object;> (0x00000000c4ee0f88) thrown at [./open/sr
Event: 0.897 Thread 0x000001d7d65c4000 Exception <a 'java/lang/NoSuchMethodError'{0x00000000c4ee4ac8}: java.lang.invoke.DirectMethodHandle$Holder.invokeSpecial(Ljava/lang/Object;Ljava/lang/Object;ILjava/lang/Object;Ljava/lang/Object;Ljava/lang/Object;)Ljava/lang/Object;> (0x00000000c4ee4ac8) t
Event: 0.908 Thread 0x000001d7d65c4000 Exception <a 'java/lang/NoSuchMethodError'{0x00000000c4efc3a0}: java.lang.invoke.DirectMethodHandle$Holder.invokeStatic(Ljava/lang/Object;ILjava/lang/Object;)Ljava/lang/Object;> (0x00000000c4efc3a0) thrown at [./open/src/hotspot/share/interpreter/linkReso
Event: 0.983 Thread 0x000001d7d65c4000 Exception <a 'java/lang/ClassNotFoundException'{0x00000000c4daa828}: com/sun/swing/internal/plaf/metal/resources/spi/metalProvider> (0x00000000c4daa828) thrown at [./open/src/hotspot/share/classfile/systemDictionary.cpp, line 228]
Event: 0.988 Thread 0x000001d7d65c4000 Exception <a 'java/lang/ClassNotFoundException'{0x00000000c4daecc8}: com/sun/swing/internal/plaf/basic/resources/spi/basicProvider> (0x00000000c4daecc8) thrown at [./open/src/hotspot/share/classfile/systemDictionary.cpp, line 228]

Events (10 events):
Event: 1.295 loading class sun/util/locale/provider/LocaleProviderAdapter$NonExistentAdapter
Event: 1.295 loading class sun/util/locale/provider/FallbackLocaleProviderAdapter
Event: 1.295 loading class sun/util/locale/provider/JRELocaleProviderAdapter
Event: 1.295 loading class sun/util/locale/provider/ResourceBundleBasedAdapter
Event: 1.295 loading class sun/util/locale/provider/ResourceBundleBasedAdapter done
Event: 1.295 loading class sun/util/locale/provider/JRELocaleProviderAdapter done
Event: 1.295 loading class sun/util/locale/provider/FallbackLocaleProviderAdapter done
Event: 1.295 loading class sun/util/locale/provider/LocaleProviderAdapter$NonExistentAdapter done
Event: 1.295 loading class sun/util/locale/LanguageTag
Event: 1.295 loading class sun/util/locale/LanguageTag done


Dynamic libraries:
0x00007ff7ae380000 - 0x00007ff7ae38f000 	C:\Program Files\Java\jdk-11.0.11\bin\java.exe
0x00007ff92e8b0000 - 0x00007ff92eaa5000 	C:\WINDOWS\SYSTEM32\ntdll.dll
0x00007ff92cad0000 - 0x00007ff92cb8d000 	C:\WINDOWS\System32\KERNEL32.DLL
0x00007ff92c1e0000 - 0x00007ff92c4a9000 	C:\WINDOWS\System32\KERNELBASE.dll
0x00007ff92c090000 - 0x00007ff92c190000 	C:\WINDOWS\System32\ucrtbase.dll
0x00007ff91abe0000 - 0x00007ff91abf8000 	C:\Program Files\Java\jdk-11.0.11\bin\jli.dll
0x00007ff9178f0000 - 0x00007ff917905000 	C:\Program Files\Java\jdk-11.0.11\bin\VCRUNTIME140.dll
0x00007ff92dac0000 - 0x00007ff92db6c000 	C:\WINDOWS\System32\ADVAPI32.dll
0x00007ff92e1d0000 - 0x00007ff92e26e000 	C:\WINDOWS\System32\msvcrt.dll
0x00007ff92d390000 - 0x00007ff92d42b000 	C:\WINDOWS\System32\sechost.dll
0x00007ff92c940000 - 0x00007ff92ca6a000 	C:\WINDOWS\System32\RPCRT4.dll
0x00007ff92e2d0000 - 0x00007ff92e470000 	C:\WINDOWS\System32\USER32.dll
0x00007ff92c6e0000 - 0x00007ff92c702000 	C:\WINDOWS\System32\win32u.dll
0x00007ff92d8e0000 - 0x00007ff92d90a000 	C:\WINDOWS\System32\GDI32.dll
0x00007ff92c540000 - 0x00007ff92c64b000 	C:\WINDOWS\System32\gdi32full.dll
0x00007ff917fb0000 - 0x00007ff91824a000 	C:\WINDOWS\WinSxS\amd64_microsoft.windows.common-controls_6595b64144ccf1df_6.0.19041.1052_none_60b8f8fd71f5e8cb\COMCTL32.dll
0x00007ff92bff0000 - 0x00007ff92c08d000 	C:\WINDOWS\System32\msvcp_win.dll
0x00007ff921d30000 - 0x00007ff921d3a000 	C:\WINDOWS\SYSTEM32\VERSION.dll
0x00007ff92d8b0000 - 0x00007ff92d8e0000 	C:\WINDOWS\System32\IMM32.DLL
0x00007ff907620000 - 0x00007ff9076bb000 	C:\Program Files\Java\jdk-11.0.11\bin\msvcp140.dll
0x00007ff8e8160000 - 0x00007ff8e8c5e000 	C:\Program Files\Java\jdk-11.0.11\bin\server\jvm.dll
0x00007ff92d430000 - 0x00007ff92d438000 	C:\WINDOWS\System32\PSAPI.DLL
0x00007ff91b470000 - 0x00007ff91b479000 	C:\WINDOWS\SYSTEM32\WSOCK32.dll
0x00007ff92dfb0000 - 0x00007ff92e01b000 	C:\WINDOWS\System32\WS2_32.dll
0x00007ff9231b0000 - 0x00007ff9231d7000 	C:\WINDOWS\SYSTEM32\WINMM.dll
0x00007ff929f20000 - 0x00007ff929f32000 	C:\WINDOWS\SYSTEM32\kernel.appcore.dll
0x00007ff91aae0000 - 0x00007ff91aaf0000 	C:\Program Files\Java\jdk-11.0.11\bin\verify.dll
0x00007ff9233a0000 - 0x00007ff923584000 	C:\WINDOWS\SYSTEM32\DBGHELP.DLL
0x00007ff923370000 - 0x00007ff92339c000 	C:\WINDOWS\SYSTEM32\dbgcore.DLL
0x00007ff92c650000 - 0x00007ff92c6d3000 	C:\WINDOWS\System32\bcryptPrimitives.dll
0x00007ff90bdf0000 - 0x00007ff90be18000 	C:\Program Files\Java\jdk-11.0.11\bin\java.dll
0x00007ff919f90000 - 0x00007ff919f9a000 	C:\Program Files\Java\jdk-11.0.11\bin\jimage.dll
0x00007ff9115a0000 - 0x00007ff9115b6000 	C:\Program Files\Java\jdk-11.0.11\bin\zip.dll
0x00007ff92cc50000 - 0x00007ff92d38f000 	C:\WINDOWS\System32\SHELL32.dll
0x00007ff92a120000 - 0x00007ff92a8b1000 	C:\WINDOWS\SYSTEM32\windows.storage.dll
0x00007ff92dc50000 - 0x00007ff92dfa5000 	C:\WINDOWS\System32\combase.dll
0x00007ff92ba60000 - 0x00007ff92ba8c000 	C:\WINDOWS\SYSTEM32\Wldp.dll
0x00007ff92e5a0000 - 0x00007ff92e64e000 	C:\WINDOWS\System32\SHCORE.dll
0x00007ff92e270000 - 0x00007ff92e2c5000 	C:\WINDOWS\System32\shlwapi.dll
0x00007ff92bf30000 - 0x00007ff92bf4f000 	C:\WINDOWS\SYSTEM32\profapi.dll
0x00007ff90feb0000 - 0x00007ff90fec9000 	C:\Program Files\Java\jdk-11.0.11\bin\net.dll
0x00007ff922ac0000 - 0x00007ff922bca000 	C:\WINDOWS\SYSTEM32\WINHTTP.dll
0x00007ff92b7c0000 - 0x00007ff92b82a000 	C:\WINDOWS\system32\mswsock.dll
0x00007ff90ef80000 - 0x00007ff90ef92000 	C:\Program Files\Java\jdk-11.0.11\bin\nio.dll
0x00007ff8ec380000 - 0x00007ff8ec51a000 	C:\Program Files\Java\jdk-11.0.11\bin\awt.dll
0x00007ff92d9f0000 - 0x00007ff92dabd000 	C:\WINDOWS\System32\OLEAUT32.dll
0x00007ff9299b0000 - 0x00007ff929a40000 	C:\WINDOWS\SYSTEM32\apphelp.dll
0x00007ff929d40000 - 0x00007ff929d6f000 	C:\WINDOWS\system32\DWMAPI.DLL
0x00007ff929b50000 - 0x00007ff929bee000 	C:\WINDOWS\system32\uxtheme.dll
0x00007ff90ff80000 - 0x00007ff9100a5000 	C:\WINDOWS\system32\opengl32.dll
0x00007ff917200000 - 0x00007ff91722c000 	C:\WINDOWS\SYSTEM32\GLU32.dll
0x00007ff92e750000 - 0x00007ff92e865000 	C:\WINDOWS\System32\MSCTF.dll
0x00007ff92e470000 - 0x00007ff92e59a000 	C:\WINDOWS\System32\ole32.dll

dbghelp: loaded successfully - version: 4.0.5 - missing functions: none
symbol engine: initialized successfully - sym options: 0x614 - pdb path: .;C:\Program Files\Java\jdk-11.0.11\bin;C:\WINDOWS\SYSTEM32;C:\WINDOWS\WinSxS\amd64_microsoft.windows.common-controls_6595b64144ccf1df_6.0.19041.1052_none_60b8f8fd71f5e8cb;C:\Program Files\Java\jdk-11.0.11\bin\server

VM Arguments:
jvm_args: -Dfile.encoding=UTF-8 --module-path=C:\Users\Ankush\Documents\NetBeansProjects\LIbrary Managementsystem\build\classes 
java_command: library.managementsystem.StudentDetails
java_class_path (initial): C:\Program Files (x86)\MySQL\Connector J 8.0\mysql-connector-java-8.0.25.jar;C:\Users\Ankush\Documents\NetBeansProjects\LIbrary Managementsystem\src\library\managementsystem\Jar\rs2xml.jar;C:\Users\Ankush\Documents\NetBeansProjects\LIbrary Managementsystem\src\library\managementsystem\Jar\jcalendar-tz-1.3.3-4.jar;C:\Users\Ankush\Documents\NetBeansProjects\LIbrary Managementsystem\build\classes
Launcher Type: SUN_STANDARD

[Global flags]
     intx CICompilerCount                          = 3                                         {product} {ergonomic}
     uint ConcGCThreads                            = 1                                         {product} {ergonomic}
     uint G1ConcRefinementThreads                  = 4                                         {product} {ergonomic}
   size_t G1HeapRegionSize                         = 1048576                                   {product} {ergonomic}
    uintx GCDrainStackTargetSize                   = 64                                        {product} {ergonomic}
   size_t InitialHeapSize                          = 67108864                                  {product} {ergonomic}
   size_t MarkStackSize                            = 4194304                                   {product} {ergonomic}
   size_t MaxHeapSize                              = 1052770304                                {product} {ergonomic}
   size_t MaxNewSize                               = 631242752                                 {product} {ergonomic}
   size_t MinHeapDeltaBytes                        = 1048576                                   {product} {ergonomic}
    uintx NonNMethodCodeHeapSize                   = 5830732                                {pd product} {ergonomic}
    uintx NonProfiledCodeHeapSize                  = 122913754                              {pd product} {ergonomic}
    uintx ProfiledCodeHeapSize                     = 122913754                              {pd product} {ergonomic}
    uintx ReservedCodeCacheSize                    = 251658240                              {pd product} {ergonomic}
     bool SegmentedCodeCache                       = true                                      {product} {ergonomic}
     bool UseCompressedClassPointers               = true                                 {lp64_product} {ergonomic}
     bool UseCompressedOops                        = true                                 {lp64_product} {ergonomic}
     bool UseG1GC                                  = true                                      {product} {ergonomic}
     bool UseLargePagesIndividualAllocation        = false                                  {pd product} {ergonomic}

Logging:
Log output configuration:
 #0: stdout all=warning uptime,level,tags
 #1: stderr all=off uptime,level,tags

Environment Variables:
PATH=C:\Program Files (x86)\Common Files\Oracle\Java\javapath;C:\Program Files\Common Files\Oracle\Java\javapath;C:\WINDOWS\system32;C:\WINDOWS;C:\WINDOWS\System32\Wbem;C:\WINDOWS\System32\WindowsPowerShell\v1.0\;C:\WINDOWS\System32\OpenSSH\;F:\New folder\bin\nt;C:\Program Files\Java\jdk-11.0.11\bin;
USERNAME=Ankush
OS=Windows_NT
PROCESSOR_IDENTIFIER=Intel64 Family 6 Model 69 Stepping 1, GenuineIntel



---------------  S Y S T E M  ---------------

OS: Windows 10 , 64 bit Build 19041 (10.0.19041.1023)

CPU:total 4 (initial active 4) (2 cores per cpu, 2 threads per core) family 6 model 69 stepping 1 microcode 0x25, cmov, cx8, fxsr, mmx, sse, sse2, sse3, ssse3, sse4.1, sse4.2, popcnt, avx, avx2, aes, clmul, erms, lzcnt, ht, tsc, tscinvbit, bmi1, bmi2, fma

Memory: 4k page, system-wide physical 4012M (315M free)
TotalPageFile size 14430M (AvailPageFile size 2M)
current process WorkingSet (physical memory assigned to process): 59M, peak: 59M
current process commit charge ("private bytes"): 148M, peak: 149M

vm_info: Java HotSpot(TM) 64-Bit Server VM (11.0.11+9-LTS-194) for windows-amd64 JRE (11.0.11+9-LTS-194), built on Mar 18 2021 18:46:53 by "mach5one" with MS VC++ 15.9 (VS2017)

END.
